<?xml version="1.0" encoding="utf-8" ?>
<!DOCTYPE html PUBLIC "-//W3C//DTD XHTML 1.0 Strict//EN"
        "http://www.w3.org/TR/xhtml1/DTD/xhtml1-strict.dtd">
<html xmlns="http://www.w3.org/1999/xhtml" xml:lang="" lang="">
<head>
  <title>Test Results Report - Firefox WebAutomationTesting</title>
  <meta http-equiv="Content-Type" content="text/html;charset=utf-8" />
  <meta name="description" content="TestNG unit test results." />
  <link href="reportng.css" rel="stylesheet" type="text/css" />
    <script type="text/javascript" src="reportng.js"></script>
</head>
<body>
<h1>Firefox WebAutomationTesting</h1>
<p>
  Test duration: 131.561s
</p>



  <table class="resultsTable">
    <tr><th colspan="3" class="header failed">Failed Tests</th></tr>
          <tr>
        <td colspan="3" class="group">com.selenium.test.testng.tests.LoginTest</td>
      </tr>
            
<tr>
  <td class="method">
                  loginTest
      </td>
  <td class="duration">
    9.383s
  </td>
  <td class="result">
        
          <i>Method arguments: </i><span class="arguments">{account=eitctest080@gmail.com, passwd=abc12345}</span><br />
    
        

        <a href="javascript:toggleElement('exception-0', 'block')" title="Click to expand/collapse"><b>Element not found {div#logon&gt;ul&gt;li&gt;span}<br/>
Expected: visible<br/>
Screenshot: file:/Users/ehsn/Selenide-TestNG-ReportNG-Framework/build/reports/tests/1529551299608.1.png<br/>
Page source: file:/Users/ehsn/Selenide-TestNG-ReportNG-Framework/build/reports/tests/1529551299608.1.html<br/>
Timeout: 4 s.<br/>
Caused by: NoSuchElementException: Unable to locate element: div#logon&gt;ul&gt;li&gt;span</b></a><br />
    <div class="stackTrace" id="exception-0">
              com.codeborne.selenide.impl.WebElementSource.createElementNotFoundError(WebElementSource.java:31)<br />
              com.codeborne.selenide.impl.ElementFinder.createElementNotFoundError(ElementFinder.java:82)<br />
              com.codeborne.selenide.impl.WebElementSource.checkCondition(WebElementSource.java:59)<br />
              com.codeborne.selenide.commands.Should.should(Should.java:35)<br />
              com.codeborne.selenide.commands.Should.execute(Should.java:29)<br />
              com.codeborne.selenide.commands.Should.execute(Should.java:12)<br />
              com.codeborne.selenide.commands.Commands.execute(Commands.java:144)<br />
              com.codeborne.selenide.impl.SelenideElementProxy.dispatchAndRetry(SelenideElementProxy.java:90)<br />
              com.codeborne.selenide.impl.SelenideElementProxy.invoke(SelenideElementProxy.java:65)<br />
              com.sun.proxy.$Proxy10.should(Unknown Source)<br />
              com.selenium.PageObject.HomePage.loginSuccess(HomePage.java:103)<br />
              com.selenium.test.testng.tests.LoginTest.loginTest(LoginTest.java:25)<br />
              sun.reflect.NativeMethodAccessorImpl.invoke0(Native Method)<br />
              sun.reflect.NativeMethodAccessorImpl.invoke(NativeMethodAccessorImpl.java:62)<br />
              sun.reflect.DelegatingMethodAccessorImpl.invoke(DelegatingMethodAccessorImpl.java:43)<br />
              java.lang.reflect.Method.invoke(Method.java:498)<br />
              org.testng.internal.MethodInvocationHelper.invokeMethod(MethodInvocationHelper.java:124)<br />
              org.testng.internal.Invoker.invokeMethod(Invoker.java:583)<br />
              org.testng.internal.Invoker.invokeTestMethod(Invoker.java:719)<br />
              org.testng.internal.Invoker.invokeTestMethods(Invoker.java:989)<br />
              org.testng.internal.TestMethodWorker.invokeTestMethods(TestMethodWorker.java:125)<br />
              org.testng.internal.TestMethodWorker.run(TestMethodWorker.java:109)<br />
              java.util.concurrent.ThreadPoolExecutor.runWorker(ThreadPoolExecutor.java:1149)<br />
              java.util.concurrent.ThreadPoolExecutor$Worker.run(ThreadPoolExecutor.java:624)<br />
              java.lang.Thread.run(Thread.java:748)<br />
                    <b>Caused by: </b> <a href="javascript:toggleElement('exception-1', 'block')" title="Click to expand/collapse">org.openqa.selenium.NoSuchElementException: Unable to locate element: div#logon&gt;ul&gt;li&gt;span<br/>
For documentation on this error, please visit: http://seleniumhq.org/exceptions/no_such_element.html<br/>
Build info: version: &apos;3.12.0&apos;, revision: &apos;7c6e0b3&apos;, time: &apos;2018-05-08T14:04:26.12Z&apos;<br/>
System info: host: &apos;ehsnde-MacBook-Pro.local&apos;, ip: &apos;fe80:0:0:0:107a:29a5:a008:4645%en0&apos;, os.name: &apos;Mac OS X&apos;, os.arch: &apos;x86_64&apos;, os.version: &apos;10.13.5&apos;, java.version: &apos;1.8.0_171&apos;<br/>
Driver info: org.openqa.selenium.firefox.FirefoxDriver<br/>
Capabilities {acceptInsecureCerts: true, browserName: firefox, browserVersion: 60.0.1, javascriptEnabled: true, moz:accessibilityChecks: false, moz:headless: true, moz:processID: 1294, moz:profile: /var/folders/dx/5fg04pzd06z..., moz:useNonSpecCompliantPointerOrigin: false, moz:webdriverClick: true, pageLoadStrategy: normal, platform: MAC, platformName: MAC, platformVersion: 17.6.0, rotatable: false, timeouts: {implicit: 0, pageLoad: 300000, script: 30000}}<br/>
Session ID: 8db9ba0d-8257-f64a-8131-97874b72be4e<br/>
*** Element info: {Using=css selector, value=div#logon&gt;ul&gt;li&gt;span}</a><br />
        <div class="stackTrace" id="exception-1">
                      sun.reflect.GeneratedConstructorAccessor17.newInstance(Unknown Source)<br />
                      sun.reflect.DelegatingConstructorAccessorImpl.newInstance(DelegatingConstructorAccessorImpl.java:45)<br />
                      java.lang.reflect.Constructor.newInstance(Constructor.java:423)<br />
                      org.openqa.selenium.remote.http.W3CHttpResponseCodec.createException(W3CHttpResponseCodec.java:187)<br />
                      org.openqa.selenium.remote.http.W3CHttpResponseCodec.decode(W3CHttpResponseCodec.java:122)<br />
                      org.openqa.selenium.remote.http.W3CHttpResponseCodec.decode(W3CHttpResponseCodec.java:49)<br />
                      org.openqa.selenium.remote.HttpCommandExecutor.execute(HttpCommandExecutor.java:158)<br />
                      org.openqa.selenium.remote.service.DriverCommandExecutor.execute(DriverCommandExecutor.java:83)<br />
                      org.openqa.selenium.remote.RemoteWebDriver.execute(RemoteWebDriver.java:543)<br />
                      org.openqa.selenium.remote.RemoteWebDriver.findElement(RemoteWebDriver.java:317)<br />
                      org.openqa.selenium.remote.RemoteWebDriver.findElementByCssSelector(RemoteWebDriver.java:411)<br />
                      org.openqa.selenium.By$ByCssSelector.findElement(By.java:431)<br />
                      org.openqa.selenium.remote.RemoteWebDriver.findElement(RemoteWebDriver.java:309)<br />
                      com.codeborne.selenide.impl.WebElementSelector.findElement(WebElementSelector.java:29)<br />
                      com.codeborne.selenide.impl.ElementFinder.getWebElement(ElementFinder.java:56)<br />
                      com.codeborne.selenide.impl.WebElementSource.checkCondition(WebElementSource.java:44)<br />
                      com.codeborne.selenide.commands.Should.should(Should.java:35)<br />
                      com.codeborne.selenide.commands.Should.execute(Should.java:29)<br />
                      com.codeborne.selenide.commands.Should.execute(Should.java:12)<br />
                      com.codeborne.selenide.commands.Commands.execute(Commands.java:144)<br />
                      com.codeborne.selenide.impl.SelenideElementProxy.dispatchAndRetry(SelenideElementProxy.java:90)<br />
                      com.codeborne.selenide.impl.SelenideElementProxy.invoke(SelenideElementProxy.java:65)<br />
                      com.sun.proxy.$Proxy10.should(Unknown Source)<br />
                      com.selenium.PageObject.HomePage.loginSuccess(HomePage.java:103)<br />
                      com.selenium.test.testng.tests.LoginTest.loginTest(LoginTest.java:25)<br />
                      sun.reflect.NativeMethodAccessorImpl.invoke0(Native Method)<br />
                      sun.reflect.NativeMethodAccessorImpl.invoke(NativeMethodAccessorImpl.java:62)<br />
                      sun.reflect.DelegatingMethodAccessorImpl.invoke(DelegatingMethodAccessorImpl.java:43)<br />
                      java.lang.reflect.Method.invoke(Method.java:498)<br />
                      org.testng.internal.MethodInvocationHelper.invokeMethod(MethodInvocationHelper.java:124)<br />
                      org.testng.internal.Invoker.invokeMethod(Invoker.java:583)<br />
                      org.testng.internal.Invoker.invokeTestMethod(Invoker.java:719)<br />
                      org.testng.internal.Invoker.invokeTestMethods(Invoker.java:989)<br />
                      org.testng.internal.TestMethodWorker.invokeTestMethods(TestMethodWorker.java:125)<br />
                      org.testng.internal.TestMethodWorker.run(TestMethodWorker.java:109)<br />
                      java.util.concurrent.ThreadPoolExecutor.runWorker(ThreadPoolExecutor.java:1149)<br />
                      java.util.concurrent.ThreadPoolExecutor$Worker.run(ThreadPoolExecutor.java:624)<br />
                      java.lang.Thread.run(Thread.java:748)<br />
                  </div>
          </div>
      </td>
</tr>
          <tr>
        <td colspan="3" class="group">com.selenium.test.testng.tests.PageObjectTest</td>
      </tr>
            
<tr>
  <td class="method">
                  testSearch
      </td>
  <td class="duration">
    23.861s
  </td>
  <td class="result">
        
    
        

        <a href="javascript:toggleElement('exception-2', 'block')" title="Click to expand/collapse"><b>java.lang.AssertionError: No results were found on results page</b></a><br />
    <div class="stackTrace" id="exception-2">
              org.testng.AssertJUnit.fail(AssertJUnit.java:59)<br />
              org.testng.AssertJUnit.assertTrue(AssertJUnit.java:24)<br />
              com.selenium.test.testng.tests.PageObjectTest.testSearch(PageObjectTest.java:24)<br />
              sun.reflect.NativeMethodAccessorImpl.invoke0(Native Method)<br />
              sun.reflect.NativeMethodAccessorImpl.invoke(NativeMethodAccessorImpl.java:62)<br />
              sun.reflect.DelegatingMethodAccessorImpl.invoke(DelegatingMethodAccessorImpl.java:43)<br />
              java.lang.reflect.Method.invoke(Method.java:498)<br />
              org.testng.internal.MethodInvocationHelper.invokeMethod(MethodInvocationHelper.java:124)<br />
              org.testng.internal.Invoker.invokeMethod(Invoker.java:583)<br />
              org.testng.internal.Invoker.invokeTestMethod(Invoker.java:719)<br />
              org.testng.internal.Invoker.invokeTestMethods(Invoker.java:989)<br />
              org.testng.internal.TestMethodWorker.invokeTestMethods(TestMethodWorker.java:125)<br />
              org.testng.internal.TestMethodWorker.run(TestMethodWorker.java:109)<br />
              java.util.concurrent.ThreadPoolExecutor.runWorker(ThreadPoolExecutor.java:1149)<br />
              java.util.concurrent.ThreadPoolExecutor$Worker.run(ThreadPoolExecutor.java:624)<br />
              java.lang.Thread.run(Thread.java:748)<br />
                </div>
      </td>
</tr>
          <tr>
        <td colspan="3" class="group">com.selenium.test.testng.tests.TestCSV</td>
      </tr>
            
<tr>
  <td class="method">
                  testAdd
      </td>
  <td class="duration">
    0.000s
  </td>
  <td class="result">
        
          <i>Method arguments: </i><span class="arguments">{num1=5.4, num2=6.6, result=11.9}</span><br />
    
        

        <a href="javascript:toggleElement('exception-3', 'block')" title="Click to expand/collapse"><b>java.lang.AssertionError: expected [11.9] but found [12.0]</b></a><br />
    <div class="stackTrace" id="exception-3">
              org.testng.Assert.fail(Assert.java:96)<br />
              org.testng.Assert.failNotEquals(Assert.java:776)<br />
              org.testng.Assert.assertEqualsImpl(Assert.java:137)<br />
              org.testng.Assert.assertEquals(Assert.java:118)<br />
              org.testng.Assert.assertEquals(Assert.java:442)<br />
              com.selenium.test.testng.tests.TestCSV.testAdd(TestCSV.java:31)<br />
              sun.reflect.NativeMethodAccessorImpl.invoke0(Native Method)<br />
              sun.reflect.NativeMethodAccessorImpl.invoke(NativeMethodAccessorImpl.java:62)<br />
              sun.reflect.DelegatingMethodAccessorImpl.invoke(DelegatingMethodAccessorImpl.java:43)<br />
              java.lang.reflect.Method.invoke(Method.java:498)<br />
              org.testng.internal.MethodInvocationHelper.invokeMethod(MethodInvocationHelper.java:124)<br />
              org.testng.internal.Invoker.invokeMethod(Invoker.java:583)<br />
              org.testng.internal.Invoker.invokeTestMethod(Invoker.java:719)<br />
              org.testng.internal.Invoker.invokeTestMethods(Invoker.java:989)<br />
              org.testng.internal.TestMethodWorker.invokeTestMethods(TestMethodWorker.java:125)<br />
              org.testng.internal.TestMethodWorker.run(TestMethodWorker.java:109)<br />
              java.util.concurrent.ThreadPoolExecutor.runWorker(ThreadPoolExecutor.java:1149)<br />
              java.util.concurrent.ThreadPoolExecutor$Worker.run(ThreadPoolExecutor.java:624)<br />
              java.lang.Thread.run(Thread.java:748)<br />
                </div>
      </td>
</tr>
      </table>


  <table class="resultsTable">
    <tr><th colspan="3" class="header passed">Passed Tests</th></tr>
          <tr>
        <td colspan="3" class="group">com.selenium.test.testng.tests.HomePageTest</td>
      </tr>
            
<tr>
  <td class="method">
                  testHomePage
      </td>
  <td class="duration">
    25.993s
  </td>
  <td class="result">
        
    
        

      </td>
</tr>
          <tr>
        <td colspan="3" class="group">com.selenium.test.testng.tests.LoginTest</td>
      </tr>
            
<tr>
  <td class="method">
                  loginTest
      </td>
  <td class="duration">
    38.811s
  </td>
  <td class="result">
        
          <i>Method arguments: </i><span class="arguments">{account=eitctest050@gmail.com, passwd=abc12345}</span><br />
    
        

      </td>
</tr>
<tr>
  <td class="method">
                  loginTest
      </td>
  <td class="duration">
    10.657s
  </td>
  <td class="result">
        
          <i>Method arguments: </i><span class="arguments">{account=eitctest051@gmail.com, passwd=abc12345}</span><br />
    
        

      </td>
</tr>
          <tr>
        <td colspan="3" class="group">com.selenium.test.testng.tests.SimpleTest</td>
      </tr>
            
<tr>
  <td class="method">
                  testFillGoogleForm
      </td>
  <td class="duration">
    22.852s
  </td>
  <td class="result">
        
    
        

      </td>
</tr>
          <tr>
        <td colspan="3" class="group">com.selenium.test.testng.tests.TestCSV</td>
      </tr>
            
<tr>
  <td class="method">
                  testAdd
      </td>
  <td class="duration">
    0.001s
  </td>
  <td class="result">
        
          <i>Method arguments: </i><span class="arguments">{num1=-3, num2=8, result=5}</span><br />
    
        

      </td>
</tr>
<tr>
  <td class="method">
                  testAdd
      </td>
  <td class="duration">
    0.000s
  </td>
  <td class="result">
        
          <i>Method arguments: </i><span class="arguments">{num1=3, num2=2, result=5}</span><br />
    
        

      </td>
</tr>
      </table>
  
</body>
</html>
