<?xml version="1.0" encoding="UTF-8"?>
<testsuite name="Chrome WebAutomationTesting"
           tests="1"
           failures="1"
           errors="0"
           skipped="0"
           time="28.028">
  <properties />
            <testcase name="testSearch" time="28.028" classname="com.selenium.test.testng.tests.PageObjectTest">
                <failure type="java.lang.AssertionError"
                  message="No results were found on results page"
              >
<![CDATA[java.lang.AssertionError: No results were found on results page
  org.testng.AssertJUnit.fail(AssertJUnit.java:59)
  org.testng.AssertJUnit.assertTrue(AssertJUnit.java:24)
  com.selenium.test.testng.tests.PageObjectTest.testSearch(PageObjectTest.java:24)
  sun.reflect.NativeMethodAccessorImpl.invoke0(Native Method)
  sun.reflect.NativeMethodAccessorImpl.invoke(NativeMethodAccessorImpl.java:62)
  sun.reflect.DelegatingMethodAccessorImpl.invoke(DelegatingMethodAccessorImpl.java:43)
  java.lang.reflect.Method.invoke(Method.java:498)
  org.testng.internal.MethodInvocationHelper.invokeMethod(MethodInvocationHelper.java:124)
  org.testng.internal.Invoker.invokeMethod(Invoker.java:583)
  org.testng.internal.Invoker.invokeTestMethod(Invoker.java:719)
  org.testng.internal.Invoker.invokeTestMethods(Invoker.java:989)
  org.testng.internal.TestMethodWorker.invokeTestMethods(TestMethodWorker.java:125)
  org.testng.internal.TestMethodWorker.run(TestMethodWorker.java:109)
  java.util.concurrent.ThreadPoolExecutor.runWorker(ThreadPoolExecutor.java:1149)
  java.util.concurrent.ThreadPoolExecutor$Worker.run(ThreadPoolExecutor.java:624)
  java.lang.Thread.run(Thread.java:748)
]]>
      </failure>

          </testcase>
  
  
  
</testsuite>
